'2019-12-15 18:08:59,354 - [test_invest.py-->line:73] - INFO: 用例：管理员正常登录--->执行已通过'
'2019-12-15 18:08:59,535 - [test_invest.py-->line:73] - INFO: 用例：管理员加标--->执行已通过'
'2019-12-15 18:08:59,805 - [test_invest.py-->line:73] - INFO: 用例：管理员审核--->执行已通过'
'2019-12-15 18:09:00,075 - [test_invest.py-->line:73] - INFO: 用例：投资人正常登录--->执行已通过'
'2019-12-15 18:09:00,338 - [test_invest.py-->line:73] - INFO: 用例：投资人正常投资--->执行已通过'
'2019-12-15 18:09:00,581 - [test_invest.py-->line:73] - INFO: 用例：会员Id为空--->执行已通过'
'2019-12-15 18:09:00,817 - [test_invest.py-->line:73] - INFO: 用例：会员id不存在--->执行已通过'
'2019-12-15 18:09:01,042 - [test_invest.py-->line:73] - INFO: 用例：项目Id为空--->执行已通过'
'2019-12-15 18:09:01,242 - [test_invest.py-->line:73] - INFO: 用例：投标id不存在--->执行已通过'
'2019-12-15 18:09:01,454 - [test_invest.py-->line:73] - INFO: 用例：投资金额不是100的倍数--->执行已通过'
'2019-12-15 18:09:01,681 - [test_invest.py-->line:73] - INFO: 用例：投资金额是1位小数--->执行已通过'
'2019-12-15 18:09:01,964 - [test_invest.py-->line:73] - INFO: 用例：投资金额是2位小数--->执行已通过'
'2019-12-15 18:09:02,206 - [test_invest.py-->line:73] - INFO: 用例：投资金额为字符串--->执行已通过'
'2019-12-15 18:16:21,263 - [test_recharge.py-->line:87] - INFO: 充值之前金额为:2048898.80
,充值金额为:2000
,充值后金额为:2050898.80'
'2019-12-15 18:16:21,593 - [test_recharge.py-->line:87] - INFO: 充值之前金额为:2050898.80
,充值金额为:500000
,充值后金额为:2550898.80'
'2019-12-15 18:16:21,922 - [test_recharge.py-->line:87] - INFO: 充值之前金额为:2550898.80
,充值金额为:1000.5
,充值后金额为:2551899.30'
'2019-12-15 18:16:22,233 - [test_recharge.py-->line:87] - INFO: 充值之前金额为:2551899.30
,充值金额为:1000.25
,充值后金额为:2552899.55'
'2019-12-15 18:16:24,005 - [test_register.py-->line:56] - INFO: check_sql:select * from futureloan.member where mobile_phone =13641878151'
'2019-12-15 18:16:24,332 - [test_register.py-->line:56] - INFO: check_sql:select * from futureloan.member where mobile_phone =13641878151'
'2019-12-15 18:16:24,699 - [test_register.py-->line:56] - INFO: check_sql:select * from futureloan.member where mobile_phone =13641878151'
'2019-12-15 18:16:25,052 - [test_register.py-->line:56] - INFO: check_sql:select * from futureloan.member where mobile_phone =13641878151'
'2019-12-15 18:16:28,118 - [test_withdraw.py-->line:80] - INFO: 提现前余额:2552899.55
,提现余额:500
,提现后余额:2552399.55'
'2019-12-15 18:16:28,450 - [test_withdraw.py-->line:80] - INFO: 提现前余额:2552399.55
,提现余额:500.5
,提现后余额:2551899.05'
'2019-12-15 18:16:28,798 - [test_withdraw.py-->line:80] - INFO: 提现前余额:2551899.05
,提现余额:500.55
,提现后余额:2551398.50'
'2019-12-15 18:16:29,149 - [test_withdraw.py-->line:80] - INFO: 提现前余额:2551398.50
,提现余额:500000
,提现后余额:2051398.50'
'2019-12-15 18:16:45,665 - [test_addloan.py-->line:91] - INFO: 用例：登录成功--->执行已通过'
'2019-12-15 18:16:46,140 - [test_addloan.py-->line:91] - INFO: 用例：新增项目成功--->执行已通过'
'2019-12-15 18:16:46,600 - [test_addloan.py-->line:91] - INFO: 用例：新增项目成功-借款期限为1月--->执行已通过'
'2019-12-15 18:16:47,061 - [test_addloan.py-->line:91] - INFO: 用例：新增项目成功-借款期限为36月--->执行已通过'
'2019-12-15 18:16:47,529 - [test_addloan.py-->line:91] - INFO: 用例：新增项目成功-借款期限为10天--->执行已通过'
'2019-12-15 18:16:48,010 - [test_addloan.py-->line:91] - INFO: 用例：新增项目成功-借款期限为45天--->执行已通过'
'2019-12-15 18:16:48,242 - [test_addloan.py-->line:91] - INFO: 用例：会员Id为空--->执行已通过'
'2019-12-15 18:16:48,467 - [test_addloan.py-->line:91] - INFO: 用例：会员id不存在--->执行已通过'
'2019-12-15 18:16:48,697 - [test_addloan.py-->line:91] - INFO: 用例：标题为空--->执行已通过'
'2019-12-15 18:16:48,915 - [test_addloan.py-->line:91] - INFO: 用例：借款金额为空--->执行已通过'
'2019-12-15 18:16:49,157 - [test_addloan.py-->line:91] - INFO: 用例：借款金额为0--->执行已通过'
'2019-12-15 18:16:49,385 - [test_addloan.py-->line:91] - INFO: 用例：借款金额小于0--->执行已通过'
'2019-12-15 18:16:49,576 - [test_addloan.py-->line:91] - INFO: 用例：借款金额大于500000--->执行已通过'
'2019-12-15 18:16:50,494 - [test_addloan.py-->line:84] - INFO: 用例：借款金额大于2位小数--->执行未通过'
'2019-12-15 18:16:50,494 - [test_addloan.py-->line:85] - ERROR: '余额小数超过两位' != '借款金额范围错误'
- 余额小数超过两位
+ 借款金额范围错误
'
'2019-12-15 18:16:50,735 - [test_addloan.py-->line:91] - INFO: 用例：年利率为空--->执行已通过'
'2019-12-15 18:16:50,973 - [test_addloan.py-->line:91] - INFO: 用例：年利率为100--->执行已通过'
'2019-12-15 18:16:51,195 - [test_addloan.py-->line:91] - INFO: 用例：借款期限为空--->执行已通过'
'2019-12-15 18:16:51,426 - [test_addloan.py-->line:91] - INFO: 用例：按月还借款期限大于36月--->执行已通过'
'2019-12-15 18:16:51,688 - [test_addloan.py-->line:91] - INFO: 用例：按月还借款期限小于1月--->执行已通过'
'2019-12-15 18:16:51,918 - [test_addloan.py-->line:91] - INFO: 用例：按天还借款期限小于10天--->执行已通过'
'2019-12-15 18:16:52,148 - [test_addloan.py-->line:91] - INFO: 用例：按天还借款期限大于45天--->执行已通过'
'2019-12-15 18:16:52,420 - [test_addloan.py-->line:91] - INFO: 用例：借款类型为空--->执行已通过'
'2019-12-15 18:16:52,639 - [test_addloan.py-->line:91] - INFO: 用例：借款类型不存在--->执行已通过'
'2019-12-15 18:16:52,869 - [test_addloan.py-->line:91] - INFO: 用例：竞标天数为空--->执行已通过'
'2019-12-15 18:16:53,057 - [test_addloan.py-->line:91] - INFO: 用例：竞标天数小于1--->执行已通过'
'2019-12-15 18:16:53,281 - [test_addloan.py-->line:91] - INFO: 用例：竞标天数大于10--->执行已通过'
'2019-12-15 18:16:54,301 - [test_audit.py-->line:105] - INFO: 用例--->审核通过:执行已通过'
'2019-12-15 18:16:54,699 - [test_audit.py-->line:105] - INFO: 用例--->审核不通过:执行已通过'
'2019-12-15 18:16:55,025 - [test_audit.py-->line:105] - INFO: 用例--->项目id为空:执行已通过'
'2019-12-15 18:16:55,323 - [test_audit.py-->line:105] - INFO: 用例--->项目不存在:执行已通过'
'2019-12-15 18:16:55,659 - [test_audit.py-->line:105] - INFO: 用例--->审核状态为空:执行已通过'
'2019-12-15 18:16:55,987 - [test_audit.py-->line:98] - INFO: 用例--->审核状态填写整数:执行未通过'
'2019-12-15 18:16:55,987 - [test_audit.py-->line:99] - ERROR: 2 != 1'
'2019-12-15 18:16:56,298 - [test_audit.py-->line:98] - INFO: 用例--->审核状态为字符串:执行未通过'
'2019-12-15 18:16:56,298 - [test_audit.py-->line:99] - ERROR: 2 != 1'
'2019-12-15 18:16:56,562 - [test_invest.py-->line:73] - INFO: 用例：管理员正常登录--->执行已通过'
'2019-12-15 18:16:56,774 - [test_invest.py-->line:73] - INFO: 用例：管理员加标--->执行已通过'
'2019-12-15 18:16:57,007 - [test_invest.py-->line:73] - INFO: 用例：管理员审核--->执行已通过'
'2019-12-15 18:16:57,225 - [test_invest.py-->line:73] - INFO: 用例：投资人正常登录--->执行已通过'
'2019-12-15 18:16:57,485 - [test_invest.py-->line:73] - INFO: 用例：投资人正常投资--->执行已通过'
'2019-12-15 18:16:57,707 - [test_invest.py-->line:73] - INFO: 用例：会员Id为空--->执行已通过'
'2019-12-15 18:16:57,933 - [test_invest.py-->line:73] - INFO: 用例：会员id不存在--->执行已通过'
'2019-12-15 18:16:58,151 - [test_invest.py-->line:73] - INFO: 用例：项目Id为空--->执行已通过'
'2019-12-15 18:16:58,357 - [test_invest.py-->line:73] - INFO: 用例：投标id不存在--->执行已通过'
'2019-12-15 18:16:58,603 - [test_invest.py-->line:73] - INFO: 用例：投资金额不是100的倍数--->执行已通过'
'2019-12-15 18:16:58,835 - [test_invest.py-->line:73] - INFO: 用例：投资金额是1位小数--->执行已通过'
'2019-12-15 18:16:59,055 - [test_invest.py-->line:73] - INFO: 用例：投资金额是2位小数--->执行已通过'
'2019-12-15 18:16:59,287 - [test_invest.py-->line:73] - INFO: 用例：投资金额为字符串--->执行已通过'
'2019-12-15 18:16:59,528 - [test_login.py-->line:48] - INFO: 用例-->登录成功:执行已通过'
'2019-12-15 18:16:59,792 - [test_login.py-->line:41] - INFO: 用例-->手机号为空:执行未通过'
'2019-12-15 18:16:59,792 - [test_login.py-->line:42] - ERROR: 1 != 2'
'2019-12-15 18:17:00,037 - [test_login.py-->line:48] - INFO: 用例-->手机号小于11位:执行已通过'
'2019-12-15 18:17:00,270 - [test_login.py-->line:48] - INFO: 用例-->手机号超过11位:执行已通过'
'2019-12-15 18:17:00,514 - [test_login.py-->line:48] - INFO: 用例-->手机号没有注册过:执行已通过'
'2019-12-15 18:17:00,748 - [test_login.py-->line:41] - INFO: 用例-->密码为空:执行未通过'
'2019-12-15 18:17:00,748 - [test_login.py-->line:42] - ERROR: 1 != 2'
'2019-12-15 18:17:00,968 - [test_login.py-->line:48] - INFO: 用例-->密码小于8位:执行已通过'
'2019-12-15 18:17:01,186 - [test_login.py-->line:48] - INFO: 用例-->密码大于16位:执行已通过'
'2019-12-15 18:17:01,683 - [test_recharge.py-->line:87] - INFO: 充值之前金额为:2051098.50
,充值金额为:2000
,充值后金额为:2053098.50'
'2019-12-15 18:17:01,868 - [test_recharge.py-->line:97] - INFO: 用例-->充值成功-充值金额为整数:执行已通过'
'2019-12-15 18:17:02,122 - [test_recharge.py-->line:87] - INFO: 充值之前金额为:2053098.50
,充值金额为:500000
,充值后金额为:2553098.50'
'2019-12-15 18:17:02,265 - [test_recharge.py-->line:97] - INFO: 用例-->充值成功-充值金额为50万:执行已通过'
'2019-12-15 18:17:02,734 - [test_recharge.py-->line:87] - INFO: 充值之前金额为:2553098.50
,充值金额为:1000.5
,充值后金额为:2554099.00'
'2019-12-15 18:17:02,883 - [test_recharge.py-->line:97] - INFO: 用例-->充值成功-充值金额为1位小数:执行已通过'
'2019-12-15 18:17:03,263 - [test_recharge.py-->line:87] - INFO: 充值之前金额为:2554099.00
,充值金额为:1000.25
,充值后金额为:2555099.25'
'2019-12-15 18:17:03,405 - [test_recharge.py-->line:97] - INFO: 用例-->充值成功-充值金额为2位小数:执行已通过'
'2019-12-15 18:17:03,666 - [test_recharge.py-->line:97] - INFO: 用例-->会员Id为空:执行已通过'
'2019-12-15 18:17:03,972 - [test_recharge.py-->line:97] - INFO: 用例-->会员id不存在:执行已通过'
'2019-12-15 18:17:04,244 - [test_recharge.py-->line:97] - INFO: 用例-->会员id为小数:执行已通过'
'2019-12-15 18:17:04,487 - [test_recharge.py-->line:90] - INFO: 用例-->充值金额为空:执行未通过'
'2019-12-15 18:17:04,487 - [test_recharge.py-->line:91] - ERROR: 1 != 2'
'2019-12-15 18:17:04,901 - [test_recharge.py-->line:90] - INFO: 用例-->充值金额为0:执行未通过'
'2019-12-15 18:17:04,901 - [test_recharge.py-->line:91] - ERROR: 2 != 0'
'2019-12-15 18:17:05,149 - [test_recharge.py-->line:97] - INFO: 用例-->充值金额小于0:执行已通过'
'2019-12-15 18:17:05,611 - [test_recharge.py-->line:97] - INFO: 用例-->充值金额大于500000:执行已通过'
'2019-12-15 18:17:05,825 - [test_recharge.py-->line:97] - INFO: 用例-->充值金额为3位小数:执行已通过'
'2019-12-15 18:17:06,103 - [test_recharge.py-->line:97] - INFO: 用例-->充值金额为非数字:执行已通过'
'2019-12-15 18:17:06,293 - [test_register.py-->line:56] - INFO: check_sql:select * from futureloan.member where mobile_phone =13641878151'
'2019-12-15 18:17:06,499 - [test_register.py-->line:70] - INFO: 用例-->注册成功—带用户名和类型:执行已通过'
'2019-12-15 18:17:06,672 - [test_register.py-->line:56] - INFO: check_sql:select * from futureloan.member where mobile_phone =13641878151'
'2019-12-15 18:17:06,905 - [test_register.py-->line:70] - INFO: 用例-->注册成功-不带用户名:执行已通过'
'2019-12-15 18:17:07,100 - [test_register.py-->line:56] - INFO: check_sql:select * from futureloan.member where mobile_phone =13641878151'
'2019-12-15 18:17:07,324 - [test_register.py-->line:70] - INFO: 用例-->注册成功-不带类型:执行已通过'
'2019-12-15 18:17:07,506 - [test_register.py-->line:56] - INFO: check_sql:select * from futureloan.member where mobile_phone =13641878151'
'2019-12-15 18:17:07,745 - [test_register.py-->line:70] - INFO: 用例-->注册成功-不带用户名和类型:执行已通过'
'2019-12-15 18:17:07,967 - [test_register.py-->line:70] - INFO: 用例-->手机号长度不足11位:执行已通过'
'2019-12-15 18:17:08,203 - [test_register.py-->line:70] - INFO: 用例-->手机号长度超过11位:执行已通过'
'2019-12-15 18:17:08,438 - [test_register.py-->line:70] - INFO: 用例-->手机号为空:执行已通过'
'2019-12-15 18:17:08,623 - [test_register.py-->line:70] - INFO: 用例-->密码长度小于8位:执行已通过'
'2019-12-15 18:17:08,894 - [test_register.py-->line:70] - INFO: 用例-->密码长度大于16位:执行已通过'
'2019-12-15 18:17:09,132 - [test_register.py-->line:70] - INFO: 用例-->密码为空:执行已通过'
'2019-12-15 18:17:09,366 - [test_register.py-->line:70] - INFO: 用例-->账号已存在:执行已通过'
'2019-12-15 18:17:09,645 - [test_register.py-->line:70] - INFO: 用例-->注册名11位:执行已通过'
'2019-12-15 18:17:09,876 - [test_register.py-->line:70] - INFO: 用例-->类型输入非0,1内容:执行已通过'
'2019-12-15 18:17:10,114 - [test_withdraw.py-->line:92] - INFO: 用例-->登录成功:执行已通过'
'2019-12-15 18:17:10,373 - [test_withdraw.py-->line:80] - INFO: 提现前余额:2555099.25
,提现余额:500
,提现后余额:2554599.25'
'2019-12-15 18:17:10,529 - [test_withdraw.py-->line:92] - INFO: 用例-->提现成功-提现金额为整数:执行已通过'
'2019-12-15 18:17:10,785 - [test_withdraw.py-->line:80] - INFO: 提现前余额:2554599.25
,提现余额:500.5
,提现后余额:2554098.75'
'2019-12-15 18:17:10,955 - [test_withdraw.py-->line:92] - INFO: 用例-->提现成功-提现金额为1位数:执行已通过'
'2019-12-15 18:17:11,223 - [test_withdraw.py-->line:80] - INFO: 提现前余额:2554098.75
,提现余额:500.55
,提现后余额:2553598.20'
'2019-12-15 18:17:11,372 - [test_withdraw.py-->line:92] - INFO: 用例-->提现成功-提现金额为2位数:执行已通过'
'2019-12-15 18:17:11,618 - [test_withdraw.py-->line:80] - INFO: 提现前余额:2553598.20
,提现余额:500000
,提现后余额:2053598.20'
'2019-12-15 18:17:11,762 - [test_withdraw.py-->line:92] - INFO: 用例-->提现成功-提现金额为500000:执行已通过'
'2019-12-15 18:17:12,011 - [test_withdraw.py-->line:92] - INFO: 用例-->会员Id为空:执行已通过'
'2019-12-15 18:17:12,243 - [test_withdraw.py-->line:92] - INFO: 用例-->会员id不存在:执行已通过'
'2019-12-15 18:17:12,490 - [test_withdraw.py-->line:92] - INFO: 用例-->会员id为小数:执行已通过'
'2019-12-15 18:17:12,694 - [test_withdraw.py-->line:92] - INFO: 用例-->提现金额为空:执行已通过'
'2019-12-15 18:17:12,942 - [test_withdraw.py-->line:85] - INFO: 用例-->提现金额为0:执行未通过'
'2019-12-15 18:17:12,943 - [test_withdraw.py-->line:86] - ERROR: 2 != 0'
'2019-12-15 18:17:13,211 - [test_withdraw.py-->line:92] - INFO: 用例-->提现金额小于0:执行已通过'
'2019-12-15 18:17:13,446 - [test_withdraw.py-->line:92] - INFO: 用例-->提现金额大于500000:执行已通过'
'2019-12-15 18:17:13,654 - [test_withdraw.py-->line:92] - INFO: 用例-->提现金额为3位小数:执行已通过'
'2019-12-15 18:17:13,867 - [test_withdraw.py-->line:92] - INFO: 用例-->提现金额为非数字:执行已通过'
'2019-12-15 18:21:28,087 - [test_addloan.py-->line:91] - INFO: 用例：登录成功--->执行已通过'
'2019-12-15 18:21:28,542 - [test_addloan.py-->line:91] - INFO: 用例：新增项目成功--->执行已通过'
'2019-12-15 18:21:28,977 - [test_addloan.py-->line:91] - INFO: 用例：新增项目成功-借款期限为1月--->执行已通过'
'2019-12-15 18:21:29,431 - [test_addloan.py-->line:91] - INFO: 用例：新增项目成功-借款期限为36月--->执行已通过'
'2019-12-15 18:21:29,832 - [test_addloan.py-->line:91] - INFO: 用例：新增项目成功-借款期限为10天--->执行已通过'
'2019-12-15 18:21:30,271 - [test_addloan.py-->line:91] - INFO: 用例：新增项目成功-借款期限为45天--->执行已通过'
'2019-12-15 18:21:30,485 - [test_addloan.py-->line:91] - INFO: 用例：会员Id为空--->执行已通过'
'2019-12-15 18:21:30,702 - [test_addloan.py-->line:91] - INFO: 用例：会员id不存在--->执行已通过'
'2019-12-15 18:21:30,930 - [test_addloan.py-->line:91] - INFO: 用例：标题为空--->执行已通过'
'2019-12-15 18:21:31,145 - [test_addloan.py-->line:91] - INFO: 用例：借款金额为空--->执行已通过'
'2019-12-15 18:21:31,359 - [test_addloan.py-->line:91] - INFO: 用例：借款金额为0--->执行已通过'
'2019-12-15 18:21:31,593 - [test_addloan.py-->line:91] - INFO: 用例：借款金额小于0--->执行已通过'
'2019-12-15 18:21:31,804 - [test_addloan.py-->line:91] - INFO: 用例：借款金额大于500000--->执行已通过'
'2019-12-15 18:21:32,041 - [test_addloan.py-->line:91] - INFO: 用例：借款金额大于2位小数--->执行已通过'
'2019-12-15 18:21:32,280 - [test_addloan.py-->line:91] - INFO: 用例：年利率为空--->执行已通过'
'2019-12-15 18:21:32,521 - [test_addloan.py-->line:91] - INFO: 用例：年利率为100--->执行已通过'
'2019-12-15 18:21:32,738 - [test_addloan.py-->line:91] - INFO: 用例：借款期限为空--->执行已通过'
'2019-12-15 18:21:32,987 - [test_addloan.py-->line:91] - INFO: 用例：按月还借款期限大于36月--->执行已通过'
'2019-12-15 18:21:33,242 - [test_addloan.py-->line:91] - INFO: 用例：按月还借款期限小于1月--->执行已通过'
'2019-12-15 18:21:33,456 - [test_addloan.py-->line:91] - INFO: 用例：按天还借款期限小于10天--->执行已通过'
'2019-12-15 18:21:33,689 - [test_addloan.py-->line:91] - INFO: 用例：按天还借款期限大于45天--->执行已通过'
'2019-12-15 18:21:33,905 - [test_addloan.py-->line:91] - INFO: 用例：借款类型为空--->执行已通过'
'2019-12-15 18:21:34,142 - [test_addloan.py-->line:91] - INFO: 用例：借款类型不存在--->执行已通过'
'2019-12-15 18:21:34,353 - [test_addloan.py-->line:91] - INFO: 用例：竞标天数为空--->执行已通过'
'2019-12-15 18:21:34,565 - [test_addloan.py-->line:91] - INFO: 用例：竞标天数小于1--->执行已通过'
'2019-12-15 18:21:34,778 - [test_addloan.py-->line:91] - INFO: 用例：竞标天数大于10--->执行已通过'
'2019-12-15 18:21:35,279 - [test_audit.py-->line:105] - INFO: 用例--->审核通过:执行已通过'
'2019-12-15 18:21:35,671 - [test_audit.py-->line:105] - INFO: 用例--->审核不通过:执行已通过'
'2019-12-15 18:21:35,950 - [test_audit.py-->line:105] - INFO: 用例--->项目id为空:执行已通过'
'2019-12-15 18:21:36,302 - [test_audit.py-->line:105] - INFO: 用例--->项目不存在:执行已通过'
'2019-12-15 18:21:36,650 - [test_audit.py-->line:105] - INFO: 用例--->审核状态为空:执行已通过'
'2019-12-15 18:21:36,963 - [test_audit.py-->line:98] - INFO: 用例--->审核状态填写整数:执行未通过'
'2019-12-15 18:21:36,963 - [test_audit.py-->line:99] - ERROR: 2 != 1'
'2019-12-15 18:21:37,291 - [test_audit.py-->line:98] - INFO: 用例--->审核状态为字符串:执行未通过'
'2019-12-15 18:21:37,291 - [test_audit.py-->line:99] - ERROR: 2 != 1'
'2019-12-15 18:21:37,510 - [test_invest.py-->line:73] - INFO: 用例：管理员正常登录--->执行已通过'
'2019-12-15 18:21:37,740 - [test_invest.py-->line:73] - INFO: 用例：管理员加标--->执行已通过'
'2019-12-15 18:21:37,955 - [test_invest.py-->line:73] - INFO: 用例：管理员审核--->执行已通过'
'2019-12-15 18:21:38,193 - [test_invest.py-->line:73] - INFO: 用例：投资人正常登录--->执行已通过'
'2019-12-15 18:21:38,433 - [test_invest.py-->line:73] - INFO: 用例：投资人正常投资--->执行已通过'
'2019-12-15 18:21:38,653 - [test_invest.py-->line:73] - INFO: 用例：会员Id为空--->执行已通过'
'2019-12-15 18:21:38,864 - [test_invest.py-->line:73] - INFO: 用例：会员id不存在--->执行已通过'
'2019-12-15 18:21:39,091 - [test_invest.py-->line:73] - INFO: 用例：项目Id为空--->执行已通过'
'2019-12-15 18:21:39,343 - [test_invest.py-->line:73] - INFO: 用例：投标id不存在--->执行已通过'
'2019-12-15 18:21:39,568 - [test_invest.py-->line:73] - INFO: 用例：投资金额不是100的倍数--->执行已通过'
'2019-12-15 18:21:39,812 - [test_invest.py-->line:73] - INFO: 用例：投资金额是1位小数--->执行已通过'
'2019-12-15 18:21:40,041 - [test_invest.py-->line:73] - INFO: 用例：投资金额是2位小数--->执行已通过'
'2019-12-15 18:21:40,261 - [test_invest.py-->line:73] - INFO: 用例：投资金额为字符串--->执行已通过'
'2019-12-15 18:21:40,499 - [test_login.py-->line:48] - INFO: 用例-->登录成功:执行已通过'
'2019-12-15 18:21:40,694 - [test_login.py-->line:41] - INFO: 用例-->手机号为空:执行未通过'
'2019-12-15 18:21:40,694 - [test_login.py-->line:42] - ERROR: 1 != 2'
'2019-12-15 18:21:40,918 - [test_login.py-->line:48] - INFO: 用例-->手机号小于11位:执行已通过'
'2019-12-15 18:21:41,160 - [test_login.py-->line:48] - INFO: 用例-->手机号超过11位:执行已通过'
'2019-12-15 18:21:41,363 - [test_login.py-->line:48] - INFO: 用例-->手机号没有注册过:执行已通过'
'2019-12-15 18:21:41,583 - [test_login.py-->line:41] - INFO: 用例-->密码为空:执行未通过'
'2019-12-15 18:21:41,583 - [test_login.py-->line:42] - ERROR: 1 != 2'
'2019-12-15 18:21:41,821 - [test_login.py-->line:48] - INFO: 用例-->密码小于8位:执行已通过'
'2019-12-15 18:21:42,033 - [test_login.py-->line:48] - INFO: 用例-->密码大于16位:执行已通过'
'2019-12-15 18:21:42,524 - [test_recharge.py-->line:87] - INFO: 充值之前金额为:2053298.20
,充值金额为:2000
,充值后金额为:2055298.20'
'2019-12-15 18:21:42,689 - [test_recharge.py-->line:97] - INFO: 用例-->充值成功-充值金额为整数:执行已通过'
'2019-12-15 18:21:42,917 - [test_recharge.py-->line:87] - INFO: 充值之前金额为:2055298.20
,充值金额为:500000
,充值后金额为:2555298.20'
'2019-12-15 18:21:43,060 - [test_recharge.py-->line:97] - INFO: 用例-->充值成功-充值金额为50万:执行已通过'
'2019-12-15 18:21:43,319 - [test_recharge.py-->line:87] - INFO: 充值之前金额为:2555298.20
,充值金额为:1000.5
,充值后金额为:2556298.70'
'2019-12-15 18:21:43,470 - [test_recharge.py-->line:97] - INFO: 用例-->充值成功-充值金额为1位小数:执行已通过'
'2019-12-15 18:21:43,765 - [test_recharge.py-->line:87] - INFO: 充值之前金额为:2556298.70
,充值金额为:1000.25
,充值后金额为:2557298.95'
'2019-12-15 18:21:43,915 - [test_recharge.py-->line:97] - INFO: 用例-->充值成功-充值金额为2位小数:执行已通过'
'2019-12-15 18:21:44,155 - [test_recharge.py-->line:97] - INFO: 用例-->会员Id为空:执行已通过'
'2019-12-15 18:21:44,372 - [test_recharge.py-->line:97] - INFO: 用例-->会员id不存在:执行已通过'
'2019-12-15 18:21:44,583 - [test_recharge.py-->line:97] - INFO: 用例-->会员id为小数:执行已通过'
'2019-12-15 18:21:44,787 - [test_recharge.py-->line:90] - INFO: 用例-->充值金额为空:执行未通过'
'2019-12-15 18:21:44,787 - [test_recharge.py-->line:91] - ERROR: 1 != 2'
'2019-12-15 18:21:45,022 - [test_recharge.py-->line:90] - INFO: 用例-->充值金额为0:执行未通过'
'2019-12-15 18:21:45,022 - [test_recharge.py-->line:91] - ERROR: 2 != 0'
'2019-12-15 18:21:45,242 - [test_recharge.py-->line:97] - INFO: 用例-->充值金额小于0:执行已通过'
'2019-12-15 18:21:45,458 - [test_recharge.py-->line:97] - INFO: 用例-->充值金额大于500000:执行已通过'
'2019-12-15 18:21:45,671 - [test_recharge.py-->line:97] - INFO: 用例-->充值金额为3位小数:执行已通过'
'2019-12-15 18:21:45,922 - [test_recharge.py-->line:97] - INFO: 用例-->充值金额为非数字:执行已通过'
'2019-12-15 18:21:46,110 - [test_register.py-->line:56] - INFO: check_sql:select * from futureloan.member where mobile_phone =13641878151'
'2019-12-15 18:21:46,325 - [test_register.py-->line:70] - INFO: 用例-->注册成功—带用户名和类型:执行已通过'
'2019-12-15 18:21:46,516 - [test_register.py-->line:56] - INFO: check_sql:select * from futureloan.member where mobile_phone =13641878151'
'2019-12-15 18:21:46,716 - [test_register.py-->line:70] - INFO: 用例-->注册成功-不带用户名:执行已通过'
'2019-12-15 18:21:46,888 - [test_register.py-->line:56] - INFO: check_sql:select * from futureloan.member where mobile_phone =13641878151'
'2019-12-15 18:21:47,102 - [test_register.py-->line:70] - INFO: 用例-->注册成功-不带类型:执行已通过'
'2019-12-15 18:21:47,274 - [test_register.py-->line:56] - INFO: check_sql:select * from futureloan.member where mobile_phone =13641878151'
'2019-12-15 18:21:47,494 - [test_register.py-->line:70] - INFO: 用例-->注册成功-不带用户名和类型:执行已通过'
'2019-12-15 18:21:47,706 - [test_register.py-->line:70] - INFO: 用例-->手机号长度不足11位:执行已通过'
'2019-12-15 18:21:47,911 - [test_register.py-->line:70] - INFO: 用例-->手机号长度超过11位:执行已通过'
'2019-12-15 18:21:48,127 - [test_register.py-->line:70] - INFO: 用例-->手机号为空:执行已通过'
'2019-12-15 18:21:48,359 - [test_register.py-->line:70] - INFO: 用例-->密码长度小于8位:执行已通过'
'2019-12-15 18:21:48,577 - [test_register.py-->line:70] - INFO: 用例-->密码长度大于16位:执行已通过'
'2019-12-15 18:21:48,795 - [test_register.py-->line:70] - INFO: 用例-->密码为空:执行已通过'
'2019-12-15 18:21:49,022 - [test_register.py-->line:70] - INFO: 用例-->账号已存在:执行已通过'
'2019-12-15 18:21:49,289 - [test_register.py-->line:70] - INFO: 用例-->注册名11位:执行已通过'
'2019-12-15 18:21:49,507 - [test_register.py-->line:70] - INFO: 用例-->类型输入非0,1内容:执行已通过'
'2019-12-15 18:21:49,724 - [test_withdraw.py-->line:92] - INFO: 用例-->登录成功:执行已通过'
'2019-12-15 18:21:49,956 - [test_withdraw.py-->line:80] - INFO: 提现前余额:2557298.95
,提现余额:500
,提现后余额:2556798.95'
'2019-12-15 18:21:50,103 - [test_withdraw.py-->line:92] - INFO: 用例-->提现成功-提现金额为整数:执行已通过'
'2019-12-15 18:21:50,351 - [test_withdraw.py-->line:80] - INFO: 提现前余额:2556798.95
,提现余额:500.5
,提现后余额:2556298.45'
'2019-12-15 18:21:50,492 - [test_withdraw.py-->line:92] - INFO: 用例-->提现成功-提现金额为1位数:执行已通过'
'2019-12-15 18:21:50,724 - [test_withdraw.py-->line:80] - INFO: 提现前余额:2556298.45
,提现余额:500.55
,提现后余额:2555797.90'
'2019-12-15 18:21:50,860 - [test_withdraw.py-->line:92] - INFO: 用例-->提现成功-提现金额为2位数:执行已通过'
'2019-12-15 18:21:51,097 - [test_withdraw.py-->line:80] - INFO: 提现前余额:2555797.90
,提现余额:500000
,提现后余额:2055797.90'
'2019-12-15 18:21:51,240 - [test_withdraw.py-->line:92] - INFO: 用例-->提现成功-提现金额为500000:执行已通过'
'2019-12-15 18:21:51,457 - [test_withdraw.py-->line:92] - INFO: 用例-->会员Id为空:执行已通过'
'2019-12-15 18:21:51,670 - [test_withdraw.py-->line:92] - INFO: 用例-->会员id不存在:执行已通过'
'2019-12-15 18:21:51,902 - [test_withdraw.py-->line:92] - INFO: 用例-->会员id为小数:执行已通过'
'2019-12-15 18:21:52,119 - [test_withdraw.py-->line:92] - INFO: 用例-->提现金额为空:执行已通过'
'2019-12-15 18:21:52,352 - [test_withdraw.py-->line:85] - INFO: 用例-->提现金额为0:执行未通过'
'2019-12-15 18:21:52,352 - [test_withdraw.py-->line:86] - ERROR: 2 != 0'
'2019-12-15 18:21:52,607 - [test_withdraw.py-->line:92] - INFO: 用例-->提现金额小于0:执行已通过'
'2019-12-15 18:21:52,832 - [test_withdraw.py-->line:92] - INFO: 用例-->提现金额大于500000:执行已通过'
'2019-12-15 18:21:53,052 - [test_withdraw.py-->line:92] - INFO: 用例-->提现金额为3位小数:执行已通过'
'2019-12-15 18:21:53,266 - [test_withdraw.py-->line:92] - INFO: 用例-->提现金额为非数字:执行已通过'
